[0.229s] DEBUG:colcon:Command line arguments: ['/usr/bin/colcon', 'build', '--symlink-install']
[0.229s] DEBUG:colcon:Parsed command line arguments: Namespace(allow_overriding=[], ament_cmake_args=None, base_paths=['.'], build_base='build', catkin_cmake_args=None, catkin_skip_building_tests=False, cmake_args=None, cmake_clean_cache=False, cmake_clean_first=False, cmake_force_configure=False, cmake_target=None, cmake_target_skip_unavailable=False, continue_on_error=False, event_handlers=None, executor='parallel', ignore_user_meta=False, install_base='install', log_base=None, log_level=None, main=<bound method BuildVerb.main of <colcon_core.verb.build.BuildVerb object at 0x7f163187e760>>, merge_install=False, metas=['./colcon.meta'], packages_above=None, packages_above_and_dependencies=None, packages_above_depth=None, packages_end=None, packages_ignore=None, packages_ignore_regex=None, packages_select=None, packages_select_build_failed=False, packages_select_by_dep=None, packages_select_regex=None, packages_select_test_failures=False, packages_skip=None, packages_skip_build_finished=False, packages_skip_by_dep=None, packages_skip_regex=None, packages_skip_test_passed=False, packages_skip_up_to=None, packages_start=None, packages_up_to=None, packages_up_to_regex=None, parallel_workers=6, paths=None, symlink_install=True, test_result_base=None, verb_extension=<colcon_core.verb.build.BuildVerb object at 0x7f163187e760>, verb_name='build', verb_parser=<colcon_defaults.argument_parser.defaults.DefaultArgumentsDecorator object at 0x7f163187eca0>)
[0.268s] Level 1:colcon.colcon_core.package_discovery:discover_packages(colcon_meta) check parameters
[0.268s] Level 1:colcon.colcon_core.package_discovery:discover_packages(recursive) check parameters
[0.268s] Level 1:colcon.colcon_core.package_discovery:discover_packages(ignore) check parameters
[0.268s] Level 1:colcon.colcon_core.package_discovery:discover_packages(path) check parameters
[0.268s] Level 1:colcon.colcon_core.package_discovery:discover_packages(colcon_meta) discover
[0.269s] Level 1:colcon.colcon_core.package_discovery:discover_packages(recursive) discover
[0.269s] INFO:colcon.colcon_core.package_discovery:Crawling recursively for packages in '/home/der_kaputte/dev_ws/src/r2d2_mower'
[0.269s] Level 1:colcon.colcon_core.package_identification:_identify(.) by extensions ['ignore', 'ignore_ament_install']
[0.269s] Level 1:colcon.colcon_core.package_identification:_identify(.) by extension 'ignore'
[0.269s] Level 1:colcon.colcon_core.package_identification:_identify(.) by extension 'ignore_ament_install'
[0.269s] Level 1:colcon.colcon_core.package_identification:_identify(.) by extensions ['colcon_pkg']
[0.269s] Level 1:colcon.colcon_core.package_identification:_identify(.) by extension 'colcon_pkg'
[0.269s] Level 1:colcon.colcon_core.package_identification:_identify(.) by extensions ['colcon_meta']
[0.269s] Level 1:colcon.colcon_core.package_identification:_identify(.) by extension 'colcon_meta'
[0.269s] Level 1:colcon.colcon_core.package_identification:_identify(.) by extensions ['ros']
[0.269s] Level 1:colcon.colcon_core.package_identification:_identify(.) by extension 'ros'
[0.289s] DEBUG:colcon.colcon_core.package_identification:Package '.' with type 'ros.ament_cmake' and name 'r2d2_mower'
[0.289s] Level 1:colcon.colcon_core.package_discovery:discover_packages(recursive) using defaults
[0.289s] Level 1:colcon.colcon_core.package_discovery:discover_packages(ignore) discover
[0.289s] Level 1:colcon.colcon_core.package_discovery:discover_packages(ignore) using defaults
[0.289s] Level 1:colcon.colcon_core.package_discovery:discover_packages(path) discover
[0.289s] Level 1:colcon.colcon_core.package_discovery:discover_packages(path) using defaults
[0.344s] Level 1:colcon.colcon_core.package_discovery:discover_packages(prefix_path) check parameters
[0.344s] Level 1:colcon.colcon_core.package_discovery:discover_packages(prefix_path) discover
[0.348s] DEBUG:colcon.colcon_installed_package_information.package_discovery:Found 1 installed packages in /home/der_kaputte/dev_ws/install
[0.351s] DEBUG:colcon.colcon_installed_package_information.package_discovery:Found 266 installed packages in /opt/ros/foxy
[0.354s] Level 1:colcon.colcon_core.package_discovery:discover_packages(prefix_path) using defaults
[0.460s] Level 5:colcon.colcon_core.verb:set package 'r2d2_mower' build argument 'cmake_args' from command line to 'None'
[0.460s] Level 5:colcon.colcon_core.verb:set package 'r2d2_mower' build argument 'cmake_target' from command line to 'None'
[0.460s] Level 5:colcon.colcon_core.verb:set package 'r2d2_mower' build argument 'cmake_target_skip_unavailable' from command line to 'False'
[0.460s] Level 5:colcon.colcon_core.verb:set package 'r2d2_mower' build argument 'cmake_clean_cache' from command line to 'False'
[0.460s] Level 5:colcon.colcon_core.verb:set package 'r2d2_mower' build argument 'cmake_clean_first' from command line to 'False'
[0.460s] Level 5:colcon.colcon_core.verb:set package 'r2d2_mower' build argument 'cmake_force_configure' from command line to 'False'
[0.460s] Level 5:colcon.colcon_core.verb:set package 'r2d2_mower' build argument 'ament_cmake_args' from command line to 'None'
[0.460s] Level 5:colcon.colcon_core.verb:set package 'r2d2_mower' build argument 'catkin_cmake_args' from command line to 'None'
[0.460s] Level 5:colcon.colcon_core.verb:set package 'r2d2_mower' build argument 'catkin_skip_building_tests' from command line to 'False'
[0.460s] DEBUG:colcon.colcon_core.verb:Building package 'r2d2_mower' with the following arguments: {'ament_cmake_args': None, 'build_base': '/home/der_kaputte/dev_ws/src/r2d2_mower/build/r2d2_mower', 'catkin_cmake_args': None, 'catkin_skip_building_tests': False, 'cmake_args': None, 'cmake_clean_cache': False, 'cmake_clean_first': False, 'cmake_force_configure': False, 'cmake_target': None, 'cmake_target_skip_unavailable': False, 'install_base': '/home/der_kaputte/dev_ws/src/r2d2_mower/install/r2d2_mower', 'merge_install': False, 'path': '/home/der_kaputte/dev_ws/src/r2d2_mower', 'symlink_install': True, 'test_result_base': None}
[0.461s] INFO:colcon.colcon_core.executor:Executing jobs using 'parallel' executor
[0.469s] DEBUG:colcon.colcon_parallel_executor.executor.parallel:run_until_complete
[0.469s] INFO:colcon.colcon_ros.task.ament_cmake.build:Building ROS package in '/home/der_kaputte/dev_ws/src/r2d2_mower' with build type 'ament_cmake'
[0.470s] INFO:colcon.colcon_cmake.task.cmake.build:Building CMake package in '/home/der_kaputte/dev_ws/src/r2d2_mower'
[0.476s] INFO:colcon.colcon_core.plugin_system:Skipping extension 'colcon_core.shell.bat': Not used on non-Windows systems
[0.476s] INFO:colcon.colcon_core.shell:Skip shell extension 'powershell' for command environment: Not usable outside of PowerShell
[0.476s] DEBUG:colcon.colcon_core.shell:Skip shell extension 'dsv' for command environment
[0.497s] DEBUG:colcon.colcon_core.event_handler.log_command:Invoking command in '/home/der_kaputte/dev_ws/src/r2d2_mower/build/r2d2_mower': CMAKE_PREFIX_PATH=${CMAKE_PREFIX_PATH}:/opt/ros/foxy /usr/bin/cmake /home/der_kaputte/dev_ws/src/r2d2_mower -DAMENT_CMAKE_SYMLINK_INSTALL=1 -DCMAKE_INSTALL_PREFIX=/home/der_kaputte/dev_ws/src/r2d2_mower/install/r2d2_mower
[1.862s] DEBUG:colcon.colcon_core.event_handler.log_command:Invoked command in '/home/der_kaputte/dev_ws/src/r2d2_mower/build/r2d2_mower' returned '0': CMAKE_PREFIX_PATH=${CMAKE_PREFIX_PATH}:/opt/ros/foxy /usr/bin/cmake /home/der_kaputte/dev_ws/src/r2d2_mower -DAMENT_CMAKE_SYMLINK_INSTALL=1 -DCMAKE_INSTALL_PREFIX=/home/der_kaputte/dev_ws/src/r2d2_mower/install/r2d2_mower
[1.867s] DEBUG:colcon.colcon_core.event_handler.log_command:Invoking command in '/home/der_kaputte/dev_ws/src/r2d2_mower/build/r2d2_mower': CMAKE_PREFIX_PATH=${CMAKE_PREFIX_PATH}:/opt/ros/foxy /usr/bin/cmake --build /home/der_kaputte/dev_ws/src/r2d2_mower/build/r2d2_mower -- -j6 -l6
[1.941s] DEBUG:colcon.colcon_core.event_handler.log_command:Invoked command in '/home/der_kaputte/dev_ws/src/r2d2_mower/build/r2d2_mower' returned '0': CMAKE_PREFIX_PATH=${CMAKE_PREFIX_PATH}:/opt/ros/foxy /usr/bin/cmake --build /home/der_kaputte/dev_ws/src/r2d2_mower/build/r2d2_mower -- -j6 -l6
[2.010s] DEBUG:colcon.colcon_core.event_handler.log_command:Invoking command in '/home/der_kaputte/dev_ws/src/r2d2_mower/build/r2d2_mower': CMAKE_PREFIX_PATH=${CMAKE_PREFIX_PATH}:/opt/ros/foxy /usr/bin/cmake --install /home/der_kaputte/dev_ws/src/r2d2_mower/build/r2d2_mower
[2.422s] Level 1:colcon.colcon_core.environment:create_environment_scripts_only(r2d2_mower)
[2.424s] DEBUG:colcon.colcon_core.event_handler.log_command:Invoked command in '/home/der_kaputte/dev_ws/src/r2d2_mower/build/r2d2_mower' returned '0': CMAKE_PREFIX_PATH=${CMAKE_PREFIX_PATH}:/opt/ros/foxy /usr/bin/cmake --install /home/der_kaputte/dev_ws/src/r2d2_mower/build/r2d2_mower
[2.431s] Level 1:colcon.colcon_core.environment:checking '/home/der_kaputte/dev_ws/src/r2d2_mower/install/r2d2_mower' for CMake module files
[2.433s] Level 1:colcon.colcon_core.environment:checking '/home/der_kaputte/dev_ws/src/r2d2_mower/install/r2d2_mower' for CMake config files
[2.433s] Level 1:colcon.colcon_core.shell:create_environment_hook('r2d2_mower', 'cmake_prefix_path')
[2.436s] INFO:colcon.colcon_core.shell:Creating environment hook '/home/der_kaputte/dev_ws/src/r2d2_mower/install/r2d2_mower/share/r2d2_mower/hook/cmake_prefix_path.ps1'
[2.438s] INFO:colcon.colcon_core.shell:Creating environment descriptor '/home/der_kaputte/dev_ws/src/r2d2_mower/install/r2d2_mower/share/r2d2_mower/hook/cmake_prefix_path.dsv'
[2.438s] INFO:colcon.colcon_core.shell:Creating environment hook '/home/der_kaputte/dev_ws/src/r2d2_mower/install/r2d2_mower/share/r2d2_mower/hook/cmake_prefix_path.sh'
[2.441s] Level 1:colcon.colcon_core.environment:checking '/home/der_kaputte/dev_ws/src/r2d2_mower/install/r2d2_mower/bin'
[2.441s] Level 1:colcon.colcon_core.environment:checking '/home/der_kaputte/dev_ws/src/r2d2_mower/install/r2d2_mower/lib/pkgconfig/r2d2_mower.pc'
[2.441s] Level 1:colcon.colcon_core.environment:checking '/home/der_kaputte/dev_ws/src/r2d2_mower/install/r2d2_mower/lib/python3.8/site-packages'
[2.442s] Level 1:colcon.colcon_core.environment:checking '/home/der_kaputte/dev_ws/src/r2d2_mower/install/r2d2_mower/bin'
[2.444s] INFO:colcon.colcon_core.shell:Creating package script '/home/der_kaputte/dev_ws/src/r2d2_mower/install/r2d2_mower/share/r2d2_mower/package.ps1'
[2.445s] INFO:colcon.colcon_core.shell:Creating package descriptor '/home/der_kaputte/dev_ws/src/r2d2_mower/install/r2d2_mower/share/r2d2_mower/package.dsv'
[2.446s] INFO:colcon.colcon_core.shell:Creating package script '/home/der_kaputte/dev_ws/src/r2d2_mower/install/r2d2_mower/share/r2d2_mower/package.sh'
[2.447s] INFO:colcon.colcon_core.shell:Creating package script '/home/der_kaputte/dev_ws/src/r2d2_mower/install/r2d2_mower/share/r2d2_mower/package.bash'
[2.448s] INFO:colcon.colcon_core.shell:Creating package script '/home/der_kaputte/dev_ws/src/r2d2_mower/install/r2d2_mower/share/r2d2_mower/package.zsh'
[2.449s] Level 1:colcon.colcon_core.environment:create_file_with_runtime_dependencies(/home/der_kaputte/dev_ws/src/r2d2_mower/install/r2d2_mower/share/colcon-core/packages/r2d2_mower)
[2.487s] Level 1:colcon.colcon_core.environment:create_environment_scripts_only(r2d2_mower)
[2.492s] Level 1:colcon.colcon_core.environment:checking '/home/der_kaputte/dev_ws/src/r2d2_mower/install/r2d2_mower' for CMake module files
[2.493s] Level 1:colcon.colcon_core.environment:checking '/home/der_kaputte/dev_ws/src/r2d2_mower/install/r2d2_mower' for CMake config files
[2.493s] Level 1:colcon.colcon_core.shell:create_environment_hook('r2d2_mower', 'cmake_prefix_path')
[2.496s] INFO:colcon.colcon_core.shell:Creating environment hook '/home/der_kaputte/dev_ws/src/r2d2_mower/install/r2d2_mower/share/r2d2_mower/hook/cmake_prefix_path.ps1'
[2.497s] INFO:colcon.colcon_core.shell:Creating environment descriptor '/home/der_kaputte/dev_ws/src/r2d2_mower/install/r2d2_mower/share/r2d2_mower/hook/cmake_prefix_path.dsv'
[2.498s] INFO:colcon.colcon_core.shell:Creating environment hook '/home/der_kaputte/dev_ws/src/r2d2_mower/install/r2d2_mower/share/r2d2_mower/hook/cmake_prefix_path.sh'
[2.498s] Level 1:colcon.colcon_core.environment:checking '/home/der_kaputte/dev_ws/src/r2d2_mower/install/r2d2_mower/bin'
[2.498s] Level 1:colcon.colcon_core.environment:checking '/home/der_kaputte/dev_ws/src/r2d2_mower/install/r2d2_mower/lib/pkgconfig/r2d2_mower.pc'
[2.499s] Level 1:colcon.colcon_core.environment:checking '/home/der_kaputte/dev_ws/src/r2d2_mower/install/r2d2_mower/lib/python3.8/site-packages'
[2.499s] Level 1:colcon.colcon_core.environment:checking '/home/der_kaputte/dev_ws/src/r2d2_mower/install/r2d2_mower/bin'
[2.501s] INFO:colcon.colcon_core.shell:Creating package script '/home/der_kaputte/dev_ws/src/r2d2_mower/install/r2d2_mower/share/r2d2_mower/package.ps1'
[2.502s] INFO:colcon.colcon_core.shell:Creating package descriptor '/home/der_kaputte/dev_ws/src/r2d2_mower/install/r2d2_mower/share/r2d2_mower/package.dsv'
[2.503s] INFO:colcon.colcon_core.shell:Creating package script '/home/der_kaputte/dev_ws/src/r2d2_mower/install/r2d2_mower/share/r2d2_mower/package.sh'
[2.503s] INFO:colcon.colcon_core.shell:Creating package script '/home/der_kaputte/dev_ws/src/r2d2_mower/install/r2d2_mower/share/r2d2_mower/package.bash'
[2.504s] INFO:colcon.colcon_core.shell:Creating package script '/home/der_kaputte/dev_ws/src/r2d2_mower/install/r2d2_mower/share/r2d2_mower/package.zsh'
[2.504s] Level 1:colcon.colcon_core.environment:create_file_with_runtime_dependencies(/home/der_kaputte/dev_ws/src/r2d2_mower/install/r2d2_mower/share/colcon-core/packages/r2d2_mower)
[2.505s] DEBUG:colcon.colcon_parallel_executor.executor.parallel:closing loop
[2.506s] DEBUG:colcon.colcon_parallel_executor.executor.parallel:loop closed
[2.506s] DEBUG:colcon.colcon_parallel_executor.executor.parallel:run_until_complete finished with '0'
[2.506s] DEBUG:colcon.colcon_core.event_reactor:joining thread
[2.516s] INFO:colcon.colcon_core.plugin_system:Skipping extension 'colcon_notification.desktop_notification.terminal_notifier': Not used on non-Darwin systems
[2.516s] INFO:colcon.colcon_core.plugin_system:Skipping extension 'colcon_notification.desktop_notification.win32': Not used on non-Windows systems
[2.517s] INFO:colcon.colcon_notification.desktop_notification:Sending desktop notification using 'notify2'
[2.551s] DEBUG:colcon.colcon_core.event_reactor:joined thread
[2.554s] INFO:colcon.colcon_core.shell:Creating prefix script '/home/der_kaputte/dev_ws/src/r2d2_mower/install/local_setup.ps1'
[2.555s] INFO:colcon.colcon_core.shell:Creating prefix util module '/home/der_kaputte/dev_ws/src/r2d2_mower/install/_local_setup_util_ps1.py'
[2.558s] INFO:colcon.colcon_core.shell:Creating prefix chain script '/home/der_kaputte/dev_ws/src/r2d2_mower/install/setup.ps1'
[2.560s] INFO:colcon.colcon_core.shell:Creating prefix script '/home/der_kaputte/dev_ws/src/r2d2_mower/install/local_setup.sh'
[2.561s] INFO:colcon.colcon_core.shell:Creating prefix util module '/home/der_kaputte/dev_ws/src/r2d2_mower/install/_local_setup_util_sh.py'
[2.562s] INFO:colcon.colcon_core.shell:Creating prefix chain script '/home/der_kaputte/dev_ws/src/r2d2_mower/install/setup.sh'
[2.564s] INFO:colcon.colcon_core.shell:Creating prefix script '/home/der_kaputte/dev_ws/src/r2d2_mower/install/local_setup.bash'
[2.564s] INFO:colcon.colcon_core.shell:Creating prefix chain script '/home/der_kaputte/dev_ws/src/r2d2_mower/install/setup.bash'
[2.567s] INFO:colcon.colcon_core.shell:Creating prefix script '/home/der_kaputte/dev_ws/src/r2d2_mower/install/local_setup.zsh'
[2.568s] INFO:colcon.colcon_core.shell:Creating prefix chain script '/home/der_kaputte/dev_ws/src/r2d2_mower/install/setup.zsh'
