-- The C compiler identification is GNU 9.4.0
-- The CXX compiler identification is GNU 9.4.0
-- Check for working C compiler: /usr/bin/cc
-- Check for working C compiler: /usr/bin/cc -- works
-- Detecting C compiler ABI info
-- Detecting C compiler ABI info - done
-- Detecting C compile features
-- Detecting C compile features - done
-- Check for working CXX compiler: /usr/bin/c++
-- Check for working CXX compiler: /usr/bin/c++ -- works
-- Detecting CXX compiler ABI info
-- Detecting CXX compiler ABI info - done
-- Detecting CXX compile features
-- Detecting CXX compile features - done
-- Found ament_cmake: 0.9.11 (/opt/ros/foxy/share/ament_cmake/cmake)
-- Found PythonInterp: /usr/bin/python3 (found suitable version "3.8.10", minimum required is "3") 
-- Using PYTHON_EXECUTABLE: /usr/bin/python3
-- Override CMake install command with custom implementation using symlinks instead of copying resources
-- Found ament_lint_auto: 0.9.7 (/opt/ros/foxy/share/ament_lint_auto/cmake)
-- Added test 'copyright' to check source files copyright and LICENSE
-- Added test 'cppcheck' to perform static code analysis on C / C++ code
-- Configured cppcheck include dirs: 
-- Configured cppcheck exclude dirs and/or files: 
-- Added test 'cpplint' to check C / C++ code against the Google style
-- Configured cpplint exclude dirs and/or files: 
-- Added test 'flake8' to check Python code syntax and style conventions
-- Added test 'lint_cmake' to check CMake code style
-- Added test 'pep257' to check Python code against some of the style conventions in PEP 257
-- Added test 'uncrustify' to check C / C++ code style
-- Configured uncrustify additional arguments: 
-- Added test 'xmllint' to check XML markup files
-- Configuring done
-- Generating done
-- Build files have been written to: /home/der_kaputte/dev_ws/src/r2d2_mower/build/r2d2_mower
-- Install configuration: ""
-- Execute custom install script
-- Symlinking: /home/der_kaputte/dev_ws/src/r2d2_mower/install/r2d2_mower/share/r2d2_mower/config/empty.yaml
-- Symlinking: /home/der_kaputte/dev_ws/src/r2d2_mower/install/r2d2_mower/share/r2d2_mower/config/view_bot.rviz
-- Symlinking: /home/der_kaputte/dev_ws/src/r2d2_mower/install/r2d2_mower/share/r2d2_mower/description/inertial_macros.xacro
-- Symlinking: /home/der_kaputte/dev_ws/src/r2d2_mower/install/r2d2_mower/share/r2d2_mower/description/robot.urdf.xacro
-- Symlinking: /home/der_kaputte/dev_ws/src/r2d2_mower/install/r2d2_mower/share/r2d2_mower/description/robot_core.xacro
-- Symlinking: /home/der_kaputte/dev_ws/src/r2d2_mower/install/r2d2_mower/share/r2d2_mower/launch/launch_sim.launch.py
-- Symlinking: /home/der_kaputte/dev_ws/src/r2d2_mower/install/r2d2_mower/share/r2d2_mower/launch/rsp.launch.py
-- Symlinking: /home/der_kaputte/dev_ws/src/r2d2_mower/install/r2d2_mower/share/r2d2_mower/worlds/empty.world
-- Symlinking: /home/der_kaputte/dev_ws/src/r2d2_mower/install/r2d2_mower/share/ament_index/resource_index/package_run_dependencies/r2d2_mower
-- Symlinking: /home/der_kaputte/dev_ws/src/r2d2_mower/install/r2d2_mower/share/ament_index/resource_index/parent_prefix_path/r2d2_mower
-- Symlinking: /home/der_kaputte/dev_ws/src/r2d2_mower/install/r2d2_mower/share/r2d2_mower/environment/ament_prefix_path.sh
-- Symlinking: /home/der_kaputte/dev_ws/src/r2d2_mower/install/r2d2_mower/share/r2d2_mower/environment/ament_prefix_path.dsv
-- Symlinking: /home/der_kaputte/dev_ws/src/r2d2_mower/install/r2d2_mower/share/r2d2_mower/environment/path.sh
-- Symlinking: /home/der_kaputte/dev_ws/src/r2d2_mower/install/r2d2_mower/share/r2d2_mower/environment/path.dsv
-- Symlinking: /home/der_kaputte/dev_ws/src/r2d2_mower/install/r2d2_mower/share/r2d2_mower/local_setup.bash
-- Symlinking: /home/der_kaputte/dev_ws/src/r2d2_mower/install/r2d2_mower/share/r2d2_mower/local_setup.sh
-- Symlinking: /home/der_kaputte/dev_ws/src/r2d2_mower/install/r2d2_mower/share/r2d2_mower/local_setup.zsh
-- Symlinking: /home/der_kaputte/dev_ws/src/r2d2_mower/install/r2d2_mower/share/r2d2_mower/local_setup.dsv
-- Symlinking: /home/der_kaputte/dev_ws/src/r2d2_mower/install/r2d2_mower/share/r2d2_mower/package.dsv
-- Symlinking: /home/der_kaputte/dev_ws/src/r2d2_mower/install/r2d2_mower/share/ament_index/resource_index/packages/r2d2_mower
-- Symlinking: /home/der_kaputte/dev_ws/src/r2d2_mower/install/r2d2_mower/share/r2d2_mower/cmake/r2d2_mowerConfig.cmake
-- Symlinking: /home/der_kaputte/dev_ws/src/r2d2_mower/install/r2d2_mower/share/r2d2_mower/cmake/r2d2_mowerConfig-version.cmake
-- Symlinking: /home/der_kaputte/dev_ws/src/r2d2_mower/install/r2d2_mower/share/r2d2_mower/package.xml
